<?xml version="1.0" encoding="UTF-8"?>
<!-- Generated by org.testng.reporters.JUnitReportReporter -->
<testsuite skipped="0" hostname="DESKTOP-CL7DG84" name="webAutomationTraining.NewTest" tests="1" failures="0" timestamp="17 May 2019 02:23:46 GMT" time="10.227" errors="0">
  <testcase name="main" time="10.227" classname="webAutomationTraining.NewTest"/>
</testsuite> <!-- webAutomationTraining.NewTest -->
